Arguments: 
  C:\laragon\bin\nodejs\node-v14\node.exe C:\laragon\bin\yarn\bin\yarn.js add react-router-dom

PATH: 
  C:\Users\Sarobidy\AppData\Local\Yarn\config\global\node_modules\.bin;C:\Users\Sarobidy\AppData\Roaming\npm;C:\Users\Sarobidy\AppData\Roaming\Composer\vendor\bin;;C:\laragon\bin\laragon\utils;C:\laragon\bin\mysql\mysql-5.7.24-win32\bin;C:\laragon\bin\php\php-7.4.19-Win32-vc15-x86;C:\laragon\bin\composer;C:\laragon\bin\apache\httpd-2.4.35-win32-VC15\bin;C:\laragon\bin\redis\redis-2.6.12;C:\laragon\bin\nodejs\node-v14;C:\laragon\bin\yarn\bin;C:\laragon\bin\nginx\nginx-1.14.0;C:\laragon\bin\notepad++;C:\laragon\bin\telnet;C:\laragon\bin\ngrok;C:\laragon\bin\git\bin;C:\laragon\bin\git\cmd;C:\laragon\bin\git\usr\bin;C:\laragon\bin\git\mingw32\bin;C:\laragon\bin;C:\laragon\usr\bin;C:\laragon\bin\putty;C:\laragon\bin\cmder\bin;C:\Python27\;C:\Python27\Scripts;C:\Windows\system32;C:\Windows;C:\Windows\System32\Wbem;C:\Windows\System32\WindowsPowerShell\v1.0\;C:\Windows\System32\OpenSSH\;C:\xampp\php;C:\composer;C:\Program Files\Symfony;C:\Program Files\ATI Technologies\ATI.ACE\Core-Static;C:\Program Files\nodejs\;C:\Program Files\Git\cmd;C:\Program Files\Yarn\bin\;C:\laragon\bin\php\php-7.4.19-Win32-vc15-x86;C:\Users\Sarobidy\AppData\Local\Microsoft\WindowsApps;C:\Users\Sarobidy\AppData\Roaming\Composer\vendor\bin;C:\Users\Sarobidy\AppData\Local\Programs\Microsoft VS Code\bin;C:\Users\Sarobidy\AppData\Roaming\npm;C:\Users\Sarobidy\AppData\Local\Yarn\bin;C:\Program Files\Git\usr\bin;C:\Program Files\Git\usr\share\vim\vim74;C:\laragon\bin\cmder\;

Yarn version: 
  1.10.1

Node version: 
  14.17.0

Platform: 
  win32 ia32

Trace: 
  Error: read ECONNRESET
      at TLSWrap.onStreamRead (internal/stream_base_commons.js:209:20)

npm manifest: 
  {
    "name": "projet",
    "version": "0.1.0",
    "private": true,
    "dependencies": {
      "@testing-library/jest-dom": "^5.15.0",
      "@testing-library/react": "^11.2.7",
      "@testing-library/user-event": "^12.8.3",
      "react": "^17.0.2",
      "react-dom": "^17.0.2",
      "react-scripts": "4.0.3",
      "web-vitals": "^1.1.2"
    },
    "scripts": {
      "start": "react-scripts start",
      "build": "react-scripts build",
      "test": "react-scripts test",
      "eject": "react-scripts eject"
    },
    "eslintConfig": {
      "extends": [
        "react-app",
        "react-app/jest"
      ]
    },
    "browserslist": {
      "production": [
        ">0.2%",
        "not dead",
        "not op_mini all"
      ],
      "development": [
        "last 1 chrome version",
        "last 1 firefox version",
        "last 1 safari version"
      ]
    }
  }

yarn manifest: 
  No manifest

Lockfile: 
  No lockfile
